
Web crawling started for ecc at 2023-04-17 14:33:31.453654
Urls obtained for ecc
Web crawling started for impala at 2023-04-17 15:11:34.875026
Urls obtained for impala
Web crawling started for ran at 2023-04-17 15:43:00.213384
Urls obtained for ran
Web crawling started for db2 at 2023-04-17 16:22:22.542809
Urls obtained for db2
Web crawling started for uart at 2023-04-17 16:51:00.568428
Urls obtained for uart
Web crawling started for centera, enterprise disk libraryexperience at 2023-04-17 17:13:11.064743
Urls obtained for centera, enterprise disk libraryexperience
Web crawling started for ansi sql at 2023-04-17 17:19:32.803086
Urls obtained for ansi sql
Web crawling started for hana at 2023-04-17 17:40:39.320829
Urls obtained for hana
Web crawling started for sap netweaver xi at 2023-04-17 18:08:37.480883
Urls obtained for sap netweaver xi
Web crawling started for bapi at 2023-04-17 18:37:33.883025
Urls obtained for bapi
Web crawling started for ms visio at 2023-04-17 19:11:19.243803
Urls obtained for ms visio
Web crawling started for ui at 2023-04-17 19:48:00.906730
Urls obtained for ui
Web crawling started for re/fx at 2023-04-17 20:19:00.166625
Urls obtained for re/fx
Web crawling started for asa5500 at 2023-04-17 20:41:17.717117
Urls obtained for asa5500
Web crawling started for hdfs at 2023-04-17 21:03:36.339435
Urls obtained for hdfs
Web crawling started for vsam at 2023-04-17 21:25:29.067849
Urls obtained for vsam
Web crawling started for informatica power center at 2023-04-17 21:47:44.705488
Urls obtained for informatica power center
Web crawling started for Azure at 2023-04-17 22:13:25.572276
Urls obtained for Azure
Web crawling started for re-fx at 2023-04-17 22:46:29.030788
Urls obtained for re-fx
Web crawling started for GCP at 2023-04-17 23:21:32.618460
Urls obtained for GCP
Web crawling started for load balancer at 2023-04-17 23:42:43.773088
Urls obtained for load balancer
Web crawling started for routing at 2023-04-18 00:07:19.989434
Urls obtained for routing
Web crawling started for trm at 2023-04-18 00:45:52.777618
Urls obtained for trm
Web crawling started for cisco routers at 2023-04-18 01:13:51.824911
Urls obtained for cisco routers
Web crawling started for sybase at 2023-04-18 01:35:28.077755
Urls obtained for sybase
Web crawling started for SWIFT at 2023-04-18 01:57:31.745207
Urls obtained for SWIFT
Web crawling started for cnn at 2023-04-18 02:38:00.873745
Urls obtained for cnn
Web crawling started for cloudera at 2023-04-18 03:09:40.470522
Urls obtained for cloudera
Web crawling started for Javascript at 2023-04-18 03:30:15.758750
Urls obtained for Javascript
Web crawling started for business objects xi at 2023-04-18 03:51:45.903885
Urls obtained for business objects xi
Web crawling started for PDF at 2023-04-18 03:59:39.053333
Urls obtained for PDF
Web crawling started for fi-ca at 2023-04-18 04:36:48.941592
Urls obtained for fi-ca
Web crawling started for smartmeter.io at 2023-04-18 05:08:06.749423
Urls obtained for smartmeter.io
Web crawling started for quality center at 2023-04-18 05:28:43.172764
Urls obtained for quality center
Web crawling started for db artisan at 2023-04-18 05:51:11.080299
Urls obtained for db artisan
Web crawling started for hp quality center at 2023-04-18 05:55:16.434824
Urls obtained for hp quality center
Web crawling started for symmetrix storage arrays at 2023-04-18 06:27:55.582959
Urls obtained for symmetrix storage arrays
Web crawling started for hpqc at 2023-04-18 06:35:30.537085
Urls obtained for hpqc
Web crawling started for centos at 2023-04-18 07:03:48.153309
Urls obtained for centos
Web crawling started for ospf bgp at 2023-04-18 07:26:00.670809
Urls obtained for ospf bgp
Web crawling started for Spring Boot at 2023-04-18 07:48:48.120505
Urls obtained for Spring Boot
Web crawling started for user-exits at 2023-04-18 08:19:41.274049
Urls obtained for user-exits
Web crawling started for rational performance tester at 2023-04-18 08:55:01.938665
Urls obtained for rational performance tester
Web crawling started for pa at 2023-04-18 09:18:57.165444
Urls obtained for pa
Web crawling started for rice at 2023-04-18 09:48:41.889615
Urls obtained for rice
Web crawling started for vmware at 2023-04-18 10:27:33.284900
Urls obtained for vmware
Web crawling started for teradata at 2023-04-18 10:52:03.899072
Urls obtained for teradata
Web crawling started for hive at 2023-04-18 11:15:15.110453
Urls obtained for hive
Web crawling started for toad for db2 at 2023-04-18 11:39:58.778761
Urls obtained for toad for db2
Web crawling started for netweaver at 2023-04-18 12:08:53.527488
Urls obtained for netweaver
Web crawling started for sap console at 2023-04-18 12:39:50.321375
Urls obtained for sap console
Web crawling started for power exchange at 2023-04-18 13:15:29.856317
Urls obtained for power exchange
Web crawling started for autosys at 2023-04-18 13:44:01.293493
Urls obtained for autosys
Web crawling started for ubuntu at 2023-04-18 14:20:43.187579
Urls obtained for ubuntu
Web crawling started for fico at 2023-04-18 14:51:24.319822
Urls obtained for fico
Web crawling started for sql server at 2023-04-18 15:20:28.055737
Urls obtained for sql server
Web crawling started for mysql at 2023-04-18 15:51:39.053372
Urls obtained for mysql
Web crawling started for smartforms at 2023-04-18 16:29:58.745234
Urls obtained for smartforms
Web crawling started for kubernetes at 2023-04-18 16:57:51.206801
Urls obtained for kubernetes
Web crawling started for mapr at 2023-04-18 17:19:47.038739
Urls obtained for mapr
Web crawling started for ods at 2023-04-18 17:36:25.615395
Urls obtained for ods
Web crawling started for asa security devices at 2023-04-18 17:58:03.695290
Urls obtained for asa security devices
Web crawling started for brocade san at 2023-04-18 18:35:43.013652
Urls obtained for brocade san
Web crawling started for mle at 2023-04-18 18:44:44.120658
Urls obtained for mle
Web crawling started for hadoop streaming at 2023-04-18 19:07:48.071133
Urls obtained for hadoop streaming
Web crawling started for ultra reliable low latency communications at 2023-04-18 19:30:15.791095
Urls obtained for ultra reliable low latency communications
Web crawling started for linux at 2023-04-18 19:58:32.103080
Urls obtained for linux
Web crawling started for qlikview at 2023-04-18 20:31:35.382460
Urls obtained for qlikview
Web crawling started for confidential + at 2023-04-18 21:06:44.593053
Urls obtained for confidential +
Web crawling started for clariion at 2023-04-18 21:42:11.964299
Urls obtained for clariion
Web crawling started for vss at 2023-04-18 22:07:30.862372
Urls obtained for vss
Web crawling started for sql at 2023-04-18 22:29:08.522332
Urls obtained for sql
Web crawling started for iaas at 2023-04-18 22:49:35.650734
Urls obtained for iaas
Web crawling started for azure at 2023-04-18 23:13:01.835134
Urls obtained for azure
Web crawling started for shell scripting at 2023-04-18 23:34:26.213607
Urls obtained for shell scripting
Web crawling started for lan at 2023-04-18 23:56:45.277866
Urls obtained for lan
Web crawling started for fica at 2023-04-19 00:32:06.186680
Urls obtained for fica
Web crawling started for spark streaming at 2023-04-19 01:03:57.889287
Urls obtained for spark streaming
Web crawling started for sqoop at 2023-04-19 01:25:39.657272
Urls obtained for sqoop
Web crawling started for control-m at 2023-04-19 01:46:46.557694
Urls obtained for control-m
Web crawling started for glue at 2023-04-19 02:15:20.379508
Urls obtained for glue
Web crawling started for sap netweaver at 2023-04-19 02:51:49.714108
Urls obtained for sap netweaver
Web crawling started for ieee 802.11/802.3 at 2023-04-19 03:16:41.438146
Urls obtained for ieee 802.11/802.3
Web crawling started for tls at 2023-04-19 03:33:03.337938
Urls obtained for tls
Web crawling started for radia access network at 2023-04-19 03:56:42.552247
Urls obtained for radia access network
Web crawling started for ssl at 2023-04-19 04:35:39.917946
Urls obtained for ssl
Web crawling started for sap at 2023-04-19 05:08:22.464495
Urls obtained for sap
Web crawling started for web dynpro at 2023-04-19 05:29:33.739461
Urls obtained for web dynpro
Web crawling started for loadui pro at 2023-04-19 05:50:38.339410
Urls obtained for loadui pro
Web crawling started for mapreduce at 2023-04-19 06:23:40.499341
Urls obtained for mapreduce
Web crawling started for slq at 2023-04-19 07:01:22.366618
Urls obtained for slq
Web crawling started for sql navigator at 2023-04-19 07:13:18.102828
Urls obtained for sql navigator
Web crawling started for i2c at 2023-04-19 07:24:17.664531
Urls obtained for i2c
Web crawling started for udb at 2023-04-19 07:46:59.843713
Urls obtained for udb
Web crawling started for hp performance tester at 2023-04-19 08:00:31.175382
Urls obtained for hp performance tester
Web crawling started for refx at 2023-04-19 08:38:04.653694
Urls obtained for refx
Web crawling started for hp alm at 2023-04-19 09:06:14.880297
Urls obtained for hp alm
Web crawling started for user exits at 2023-04-19 09:36:37.406309
Urls obtained for user exits
Web crawling started for xml at 2023-04-19 10:15:35.783132
Urls obtained for xml
Web crawling started for celerra nas devices at 2023-04-19 10:41:41.187503
Urls obtained for celerra nas devices
Web crawling started for sap query at 2023-04-19 11:06:07.301105
Urls obtained for sap query
Web crawling started for mm at 2023-04-19 11:29:15.156139
Urls obtained for mm
Web crawling started for spark at 2023-04-19 11:51:49.652462
Urls obtained for spark
Web crawling started for san fabric at 2023-04-19 12:25:49.060439
Urls obtained for san fabric
Web crawling started for data dictionary at 2023-04-19 13:04:01.580698
Urls obtained for data dictionary
Web crawling started for obiee at 2023-04-19 13:26:50.901988
Urls obtained for obiee
Web crawling started for apache spark at 2023-04-19 13:49:12.402010
Urls obtained for apache spark
Web crawling started for switches at 2023-04-19 14:20:55.626063
Urls obtained for switches
Web crawling started for 5g at 2023-04-19 14:58:26.060507
Urls obtained for 5g
Web crawling started for customer exits at 2023-04-19 15:22:08.189039
Urls obtained for customer exits
Web crawling started for vlan at 2023-04-19 15:41:18.376505
Urls obtained for vlan
Web crawling started for sap hana at 2023-04-19 16:08:31.577023
Urls obtained for sap hana
Web crawling started for emc storage area network at 2023-04-19 16:42:39.565580
Urls obtained for emc storage area network
Web crawling started for python at 2023-04-19 17:13:17.029322
Urls obtained for python
Web crawling started for pyspark at 2023-04-19 17:42:06.112897
Urls obtained for pyspark
Web crawling started for rs232 at 2023-04-19 18:21:43.500970
Urls obtained for rs232
Web crawling started for apache at 2023-04-19 18:51:03.232373
Urls obtained for apache
Web crawling started for GIT at 2023-04-19 19:14:19.737644
Urls obtained for GIT
Web crawling started for srdf at 2023-04-19 19:42:46.344075
Urls obtained for srdf
Web crawling started for mdm at 2023-04-19 20:15:24.153098
Urls obtained for mdm
Web crawling started for neoload at 2023-04-19 20:45:02.946954
Urls obtained for neoload
Web crawling started for sap abap at 2023-04-19 21:05:51.209916
Urls obtained for sap abap
Web crawling started for quantum tape library at 2023-04-19 21:24:51.022052
Urls obtained for quantum tape library
Web crawling started for bdc at 2023-04-19 21:35:20.784369
Urls obtained for bdc
Web crawling started for vlan trunking dot1x at 2023-04-19 21:57:00.179116
Urls obtained for vlan trunking dot1x
Web crawling started for vr at 2023-04-19 22:10:32.967721
Urls obtained for vr
Web crawling started for sap ecc at 2023-04-19 22:47:49.160909
Urls obtained for sap ecc
Web crawling started for idoc at 2023-04-19 23:15:29.387589
Urls obtained for idoc
Web crawling started for pmis at 2023-04-19 23:36:11.652635
Urls obtained for pmis
Web crawling started for mxnet at 2023-04-19 23:57:37.400069
Urls obtained for mxnet
Web crawling started for p2v at 2023-04-20 00:33:16.113732
Urls obtained for p2v
Web crawling started for apache kafka at 2023-04-20 00:58:40.734410
Urls obtained for apache kafka
Web crawling started for loadrunner at 2023-04-20 01:19:33.750132
Urls obtained for loadrunner
Web crawling started for scala at 2023-04-20 01:40:41.313801
Urls obtained for scala
Web crawling started for v2v at 2023-04-20 02:04:58.648320
Urls obtained for v2v
Web crawling started for fi/ca at 2023-04-20 02:39:35.196817
Urls obtained for fi/ca
Web crawling started for nexus port at 2023-04-20 03:12:17.138399
Urls obtained for nexus port
Web crawling started for network policy server at 2023-04-20 03:34:16.455316
Urls obtained for network policy server
Web crawling started for antivirus at 2023-04-20 03:57:04.166314
Urls obtained for antivirus
Web crawling started for pscd at 2023-04-20 04:32:11.160357
Urls obtained for pscd
Web crawling started for gm at 2023-04-20 05:04:24.832819
Urls obtained for gm
Web crawling started for urllc at 2023-04-20 05:26:46.067547
Urls obtained for urllc
Web crawling started for RxSWIFT at 2023-04-20 05:31:11.349589
Urls obtained for RxSWIFT
Web crawling started for wds at 2023-04-20 05:48:30.447766
Urls obtained for wds
Web crawling started for pig at 2023-04-20 06:18:25.313552
Urls obtained for pig
Web crawling started for ldap at 2023-04-20 06:55:12.617002
Urls obtained for ldap
Web crawling started for wm at 2023-04-20 07:18:47.765402
Urls obtained for wm
Web crawling started for sap bi at 2023-04-20 07:39:44.607171
Urls obtained for sap bi
Web crawling started for .Net at 2023-04-20 08:02:40.350107
Urls obtained for .Net
Web crawling started for pp at 2023-04-20 08:39:50.323167
Urls obtained for pp
Web crawling started for stl at 2023-04-20 09:09:42.795347
Urls obtained for stl
Web crawling started for m2m at 2023-04-20 09:42:39.403484
Urls obtained for m2m
Web crawling started for oozie at 2023-04-20 10:03:13.710348
Urls obtained for oozie
Web crawling started for alv reports at 2023-04-20 10:31:33.092930
Urls obtained for alv reports
Web crawling started for lstm at 2023-04-20 10:51:18.126578
Urls obtained for lstm
Web crawling started for ftp at 2023-04-20 11:13:14.237437
Urls obtained for ftp
Web crawling started for ip sub-netting at 2023-04-20 11:36:36.117980
Urls obtained for ip sub-netting
Web crawling started for scm at 2023-04-20 11:52:38.994607
Urls obtained for scm
Web crawling started for data lake at 2023-04-20 12:29:42.224419
Urls obtained for data lake
Web crawling started for l3 at 2023-04-20 13:03:24.316811
Urls obtained for l3
Web crawling started for pytorch at 2023-04-20 13:27:24.136686
Urls obtained for pytorch
Web crawling started for menu painter batch job management at 2023-04-20 13:49:04.978074
Urls obtained for menu painter batch job management
Web crawling started for MVC at 2023-04-20 14:10:19.355164
Urls obtained for MVC
Web crawling started for sap console wm rfid at 2023-04-20 14:48:35.689603
Urls obtained for sap console wm rfid
Web crawling started for AWS at 2023-04-20 15:18:44.912875
Urls obtained for AWS
Web crawling started for ip networking at 2023-04-20 15:39:12.870907
Urls obtained for ip networking
Web crawling started for J2Ee at 2023-04-20 16:06:53.234414
Urls obtained for J2Ee
Web crawling started for hr at 2023-04-20 16:48:58.514153
Urls obtained for hr
Web crawling started for gcp at 2023-04-20 17:14:45.758430
Urls obtained for gcp
Web crawling started for network security at 2023-04-20 17:35:32.310623
Urls obtained for network security
Web crawling started for ess at 2023-04-20 17:56:26.325312
Urls obtained for ess
Web crawling started for legacy mcdata switch at 2023-04-20 18:31:13.524960
Urls obtained for legacy mcdata switch
Web crawling started for dhcp at 2023-04-20 19:06:07.618110
Urls obtained for dhcp
Web crawling started for rip at 2023-04-20 19:30:34.691547
Urls obtained for rip
Web crawling started for datamart at 2023-04-20 19:52:20.331304
Urls obtained for datamart
Web crawling started for MVVM at 2023-04-20 20:24:20.411718
Urls obtained for MVVM
Web crawling started for kafka at 2023-04-20 21:01:14.202065
Urls obtained for kafka
Web crawling started for erp at 2023-04-20 21:24:55.199708
Urls obtained for erp
Web crawling started for cisco switches at 2023-04-20 21:46:05.561953
Urls obtained for cisco switches
Web crawling started for lis at 2023-04-20 22:13:04.236586
Urls obtained for lis
Web crawling started for GIS at 2023-04-20 22:51:16.055078
Urls obtained for GIS
Web crawling started for nas at 2023-04-20 23:17:15.917751
Urls obtained for nas
Web crawling started for webdynpro at 2023-04-20 23:39:18.238017
Urls obtained for webdynpro
Web crawling started for abap at 2023-04-21 00:03:50.809224
Urls obtained for abap
Web crawling started for proxy at 2023-04-21 00:38:02.743224
Urls obtained for proxy
Web crawling started for tcp/ip at 2023-04-21 01:09:48.353901
Urls obtained for tcp/ip
Web crawling started for ms-dos at 2023-04-21 01:31:00.940260
Urls obtained for ms-dos
Web crawling started for Mobile App Designing at 2023-04-21 01:51:05.459937
Urls obtained for Mobile App Designing
Web crawling started for ble at 2023-04-21 02:21:26.869264
Urls obtained for ble
Web crawling started for bte at 2023-04-21 03:00:37.196450
Urls obtained for bte
Web crawling started for flume at 2023-04-21 03:12:17.757474
Urls obtained for flume
Web crawling started for policy configuration at 2023-04-21 03:35:14.581704
Urls obtained for policy configuration
Web crawling started for matlab at 2023-04-21 03:57:16.705046
Urls obtained for matlab
Web crawling started for switching at 2023-04-21 04:34:11.475939
Urls obtained for switching
Web crawling started for regression model at 2023-04-21 05:08:51.902354
Urls obtained for regression model
Web crawling started for bluetooth at 2023-04-21 05:27:32.816991
Urls obtained for bluetooth
Web crawling started for soasta cloud test at 2023-04-21 05:51:33.350061
Urls obtained for soasta cloud test
Web crawling started for r at 2023-04-21 06:10:34.883729
Urls obtained for r
Web crawling started for C# at 2023-04-21 06:49:38.041823
Urls obtained for C#
Web crawling started for sap notes at 2023-04-21 07:16:33.058315
Urls obtained for sap notes
Web crawling started for adobe experience manager at 2023-04-21 07:37:54.443854
Urls obtained for adobe experience manager
Web crawling started for ale at 2023-04-21 07:59:36.486999
Urls obtained for ale
Web crawling started for l2 at 2023-04-21 08:38:09.234168
Urls obtained for l2
Web crawling started for ms iis at 2023-04-21 09:09:51.484207
Urls obtained for ms iis
Web crawling started for fcn at 2023-04-21 09:32:28.333300
Urls obtained for fcn
Web crawling started for hsrp at 2023-04-21 09:43:18.900378
Urls obtained for hsrp
Web crawling started for aix at 2023-04-21 10:11:12.677103
Urls obtained for aix
Web crawling started for redline13 at 2023-04-21 10:50:55.123991
Urls obtained for redline13
Web crawling started for sap sd at 2023-04-21 10:56:52.429923
Urls obtained for sap sd
Web crawling started for mpls at 2023-04-21 11:20:56.061178
Urls obtained for mpls
Web crawling started for silk performer at 2023-04-21 11:43:11.723630
Urls obtained for silk performer
Web crawling started for ms sql at 2023-04-21 11:50:21.462883
Urls obtained for ms sql
Web crawling started for Design Patterns at 2023-04-21 12:23:04.142650
Urls obtained for Design Patterns
Web crawling started for toad data modeler at 2023-04-21 13:02:22.014399
Urls obtained for toad data modeler
Web crawling started for Rest at 2023-04-21 13:09:53.879581
Urls obtained for Rest
Web crawling started for data warehouse at 2023-04-21 13:31:59.488911
Urls obtained for data warehouse
Web crawling started for svn at 2023-04-21 13:59:26.231005
Urls obtained for svn
Web crawling started for windows nt/2010/xp at 2023-04-21 14:57:20.416043
Urls obtained for windows nt/2010/xp
Web crawling started for load balancer at 2023-04-21 15:23:33.003812
Urls obtained for load balancer
Web crawling started for microstrategy at 2023-04-21 15:42:34.405496
Urls obtained for microstrategy
Web crawling started for hp performance tester at 2023-04-21 16:11:55.497938
Urls obtained for hp performance tester
Web crawling started for tensorflow at 2023-04-21 16:32:01.431989
Urls obtained for tensorflow
Web crawling started for ran at 2023-04-21 17:10:32.902937
Urls obtained for ran
Web crawling started for sap mdm at 2023-04-21 17:23:17.364508
Urls obtained for sap mdm
Web crawling started for screen painter at 2023-04-21 18:12:15.774206
Urls obtained for screen painter
Web crawling started for quality center at 2023-04-21 18:04:29.874146
Urls obtained for quality center
Web crawling started for machine to machine at 2023-04-21 18:48:07.859672
Urls obtained for machine to machine
Web crawling started for refx at 2023-04-21 19:04:33.148502
Urls obtained for refx
Web crawling started for ospf at 2023-04-21 19:33:23.461946
Urls obtained for ospf
Web crawling started for scm at 2023-04-21 19:41:54.384101
Urls obtained for scm
Web crawling started for xml at 2023-04-21 20:35:07.069702
Urls obtained for xml
Web crawling started for udp/ip at 2023-04-21 21:08:12.671423
Urls obtained for udp/ip
Web crawling started for soasta cloud test at 2023-04-21 21:28:02.981389
Urls obtained for soasta cloud test
Web crawling started for webload at 2023-04-21 21:40:53.609848
Urls obtained for webload
Web crawling started for bdc at 2023-04-21 21:52:23.370132
Urls obtained for bdc
Web crawling started for pa at 2023-04-21 22:22:23.376520
Urls obtained for pa
Web crawling started for sap rfc at 2023-04-21 22:59:06.846595
Urls obtained for sap rfc
Web crawling started for SWIFT at 2023-04-21 23:19:49.364073
Urls obtained for SWIFT
Web crawling started for symmetrix storage arrays at 2023-04-21 23:39:53.669791
Urls obtained for symmetrix storage arrays
Web crawling started for slq at 2023-04-21 23:46:20.003344
Urls obtained for slq
Web crawling started for ms visio at 2023-04-21 23:58:20.884757
Urls obtained for ms visio
Web crawling started for wds at 2023-04-22 00:38:37.484015
Urls obtained for wds
Web crawling started for datamart at 2023-04-22 01:10:24.206799
Urls obtained for datamart
Web crawling started for data warehousing at 2023-04-22 01:30:53.622796
Urls obtained for data warehousing
Web crawling started for apache at 2023-04-22 01:51:57.896005
Urls obtained for apache
Web crawling started for sap netweaver xi at 2023-04-22 02:24:21.299085
Urls obtained for sap netweaver xi
Web crawling started for aix at 2023-04-22 03:06:03.189979
Urls obtained for aix
Web crawling started for hsrp at 2023-04-22 03:28:02.516832
Urls obtained for hsrp
Web crawling started for loadui pro at 2023-04-22 03:49:28.202224
Urls obtained for loadui pro
Web crawling started for lis at 2023-04-22 04:21:27.753221
Urls obtained for lis
Web crawling started for mdm at 2023-04-22 05:00:44.891720
Urls obtained for mdm
Web crawling started for udb at 2023-04-22 05:21:43.040899
Urls obtained for udb
Web crawling started for sql at 2023-04-22 05:32:09.507273
Urls obtained for sql
Web crawling started for vsam at 2023-04-22 05:52:27.921972
Urls obtained for vsam
Web crawling started for ad at 2023-04-22 06:24:12.842463
Urls obtained for ad
Web crawling started for smartmeter.io at 2023-04-22 07:00:25.920567
Urls obtained for smartmeter.io
Web crawling started for sap ecc at 2023-04-22 07:21:00.899731
Urls obtained for sap ecc
Web crawling started for power exchange at 2023-04-22 07:41:00.017067
Urls obtained for power exchange
Web crawling started for mle at 2023-04-22 08:03:02.768059
Urls obtained for mle
Web crawling started for urllc at 2023-04-22 08:26:37.228817
Urls obtained for urllc
Web crawling started for aws at 2023-04-21 20:24:40.173324
Urls obtained for aws
Web crawling started for redshift spectrum at 2023-04-22 08:32:46.952373
Urls obtained for redshift spectrum
Web crawling started for m2m at 2023-04-22 09:11:09.366864
Urls obtained for m2m
Web crawling started for rational performance tester at 2023-04-22 09:39:34.195030
Urls obtained for rational performance tester
Web crawling started for nas at 2023-04-22 10:32:39.590378
Urls obtained for nas
Web crawling started for workflow at 2023-04-22 11:22:16.624882
Urls obtained for workflow
Web crawling started for wm at 2023-04-22 12:12:40.337816
Urls obtained for wm
Web crawling started for mpls at 2023-04-22 12:59:22.926482
Urls obtained for mpls
Web crawling started for ip sub-netting at 2023-04-22 13:49:58.855185
Urls obtained for ip sub-netting
Web crawling started for ale at 2023-04-22 14:18:53.426129
Urls obtained for ale
Web crawling started for pscd at 2023-04-22 15:05:20.210069
Urls obtained for pscd
Web crawling started for python at 2023-04-22 15:39:42.164229
Urls obtained for python
Web crawling started for Web Technologies at 2023-04-22 16:25:40.724813
Urls obtained for Web Technologies
Web crawling started for toad data modeler at 2023-04-22 17:11:48.480387
Urls obtained for toad data modeler
Web crawling started for sap sd at 2023-04-22 17:26:25.641174
Urls obtained for sap sd
Web crawling started for clear quest at 2023-04-22 18:13:36.904602
Urls obtained for clear quest
Web crawling started for azure at 2023-04-22 18:29:05.169702
Urls obtained for azure
Web crawling started for ldap at 2023-04-22 19:15:01.972838
Urls obtained for ldap
Web crawling started for Lightning at 2023-04-22 20:03:39.702509
Urls obtained for Lightning
Web crawling started for routers at 2023-04-22 20:51:02.065103
Urls obtained for routers
Web crawling started for paas at 2023-04-22 21:38:06.586030
Urls obtained for paas
Web crawling started for cnn at 2023-04-22 22:24:02.644515
Urls obtained for cnn
Web crawling started for tensorflow at 2023-04-22 23:10:53.177279
Urls obtained for tensorflow
Web crawling started for dns at 2023-04-22 23:58:16.564347
Urls obtained for dns
Web crawling started for PDF at 2023-04-23 00:45:44.132805
Urls obtained for PDF
Web crawling started for jupyter at 2023-04-23 01:32:53.198581
Urls obtained for jupyter
Web crawling started for caffe at 2023-04-23 02:20:26.129309
Urls obtained for caffe
Web crawling started for RxSWIFT at 2023-04-23 03:05:34.691680
Urls obtained for RxSWIFT
Web crawling started for ecc at 2023-04-23 03:46:18.498364
Urls obtained for ecc
Web crawling started for radia access network at 2023-04-23 04:38:14.412712
Urls obtained for radia access network
Web crawling started for qtp at 2023-04-23 05:26:14.191190
Urls obtained for qtp
Web crawling started for hadoop streaming at 2023-04-23 06:15:35.488241
Urls obtained for hadoop streaming
Web crawling started for ip networking at 2023-04-23 07:03:30.593506
Urls obtained for ip networking
Web crawling started for flume at 2023-04-23 07:52:09.544496
Urls obtained for flume
Web crawling started for rmca at 2023-04-23 08:41:07.914239
Urls obtained for rmca
Web crawling started for routing at 2023-04-23 09:02:14.211682
Urls obtained for routing
Web crawling started for cisco routers at 2023-04-23 09:50:40.754170
Urls obtained for cisco routers
Web crawling started for emc storage area network at 2023-04-23 10:22:01.042835
Urls obtained for emc storage area network
Web crawling started for aws at 2023-04-23 10:59:03.384621
Urls obtained for aws
Web crawling started for sql navigator at 2023-04-23 11:18:01.115677
Urls obtained for sql navigator
Web crawling started for kubernetes at 2023-04-23 11:27:46.444120
Urls obtained for kubernetes
Web crawling started for vss at 2023-04-23 11:57:47.027702
Urls obtained for vss
Web crawling started for regression model at 2023-04-23 12:32:39.263365
Urls obtained for regression model
Web crawling started for data warehouse at 2023-04-23 13:01:31.927250
Urls obtained for data warehouse
Web crawling started for web dynpro at 2023-04-23 13:21:32.361999
Urls obtained for web dynpro
Web crawling started for screen painter at 2023-04-23 13:39:37.396388
Urls obtained for screen painter
Web crawling started for cloudera at 2023-04-23 13:52:57.114426
Urls obtained for cloudera
Web crawling started for mainframe at 2023-04-23 14:24:18.983733
Urls obtained for mainframe
Web crawling started for charm at 2023-04-23 15:16:11.681018
Urls obtained for charm
Web crawling started for iOS at 2023-04-23 16:05:34.813781
Urls obtained for iOS
Web crawling started for abap/4 workbench at 2023-04-23 16:53:45.900787
Urls obtained for abap/4 workbench
Web crawling started for machine to machine at 2023-04-23 19:25:23.553555
Urls obtained for machine to machine
Web crawling started for pytorch at 2023-04-23 20:17:35.214550
Urls obtained for pytorch
Web crawling started for re/fx at 2023-04-23 21:13:59.541332
Urls obtained for re/fx
Web crawling started for GIS at 2023-04-23 22:04:26.280863
Urls obtained for GIS
Web crawling started for ess at 2023-04-23 22:44:16.856310
Urls obtained for ess
Web crawling started for sap console wm rfid at 2023-04-23 23:08:39.389466
Urls obtained for sap console wm rfid
Web crawling started for teradata at 2023-04-23 23:27:21.040914
Urls obtained for teradata
Web crawling started for Java at 2023-04-23 23:45:22.334551
Urls obtained for Java
Web crawling started for ux at 2023-04-24 00:16:46.312010
Urls obtained for ux
Web crawling started for mxnet at 2023-04-24 00:55:01.851816
Urls obtained for mxnet
Web crawling started for SQL at 2023-04-24 01:07:24.309495
Urls obtained for SQL
Web crawling started for netweaver at 2023-04-24 01:26:10.665172
Urls obtained for netweaver
Web crawling started for i2c at 2023-04-24 01:44:23.585569
Urls obtained for i2c
Web crawling started for sap mdg at 2023-04-24 06:39:05.959369
Urls obtained for sap mdg
Web crawling started for lan at 2023-04-24 06:56:02.789453
Urls obtained for lan
Web crawling started for fi/co at 2023-04-24 07:13:01.474610
Urls obtained for fi/co
Web crawling started for hp alm at 2023-04-24 07:42:10.627286
Urls obtained for hp alm
Web crawling started for alv reports at 2023-04-24 08:31:19.016320
Urls obtained for alv reports
Web crawling started for ultra reliable low latency communications at 2023-04-24 09:18:49.782655
Urls obtained for ultra reliable low latency communications
Web crawling started for fi-co at 2023-04-24 10:06:55.454007
Urls obtained for fi-co
Web crawling started for ed mobile broadband communications at 2023-04-24 10:59:59.773611
Urls obtained for ed mobile broadband communications
Web crawling started for menu painter batch job management at 2023-04-24 11:43:09.576913
Urls obtained for menu painter batch job management
Web crawling started for oracle 11g at 2023-04-24 12:16:29.080802
Urls obtained for oracle 11g
Job save to DB started
Job save to DB completed
Job save to DB started
Job save to DB started
Job save to DB started
Job save to DB started
Job save to DB started
Job save to DB started
Job save to DB started
Job save to DB started
Job save to DB started
Job save to DB started
Job save to DB started
Job save to DB completed
Job save to DB started
Job save to DB completed
Job save to DB started
Job save to DB completed
Job save to DB started
Job save to DB completed
Job save to DB started
Job save to DB completed
Job save to DB started
Job save to DB completed
Job save to DB started
Job save to DB completed
Job save to DB started
Job save to DB started
Job save to DB started
Job save to DB started
Job save to DB started
Job save to DB started
Job save to DB started
Job save to DB started
Job save to DB started
Job save to DB started
Job save to DB started
Job save to DB started
Job save to DB started
Job save to DB started
Job save to DB started
Job save to DB started
Job save to DB started
Job save to DB started
Job save to DB started
Job save to DB started
Job save to DB completed
Job save to DB started
Job save to DB completed
Job save to DB started
Job save to DB completed
Job save to DB started
Job save to DB completed
Job save to DB started
Job save to DB completed
Job save to DB started
Job save to DB started
Job save to DB started
Job save to DB started
Job save to DB started
Job save to DB started
Job save to DB started
Job save to DB started
Job save to DB completed
Job save to DB started
Job save to DB completed
Job save to DB started
Job save to DB completed
Job save to DB started
Job save to DB completed
Job save to DB started
Job save to DB completed
Job save to DB started
Job save to DB started
Job save to DB started
Job save to DB started
Job save to DB started
Job save to DB started
Job save to DB started
Job save to DB started
Job save to DB completed
Job save to DB started
Job save to DB completed
Job save to DB started
Job save to DB completed
Job save to DB started
Job save to DB completed
Job save to DB started
Job save to DB completed
Job save to DB started
Job save to DB completed
Job save to DB started
Job save to DB completed
Job save to DB started
Job save to DB completed
Job save to DB started
Job save to DB completed
Job save to DB started
Job save to DB completed
Job save to DB started
Job save to DB started
Job save to DB started
Job save to DB started
Job save to DB started
Job save to DB started
Job save to DB started
Job save to DB completed
Job save to DB started
Job save to DB completed
Job save to DB started
Job save to DB completed
Job save to DB started
Job save to DB completed
Job save to DB started
Job save to DB completed
Job save to DB started
Job save to DB completed
Job save to DB started
Job save to DB started
Job save to DB completed